#
# A fatal error has been detected by the Java Runtime Environment:
#
#  EXCEPTION_ACCESS_VIOLATION (0xc0000005) at pc=0x00007ffd4a6c2cb3, pid=16880, tid=8256
#
# JRE version: OpenJDK Runtime Environment AdoptOpenJDK (14.0.2+12) (build 14.0.2+12)
# Java VM: OpenJDK 64-Bit Server VM AdoptOpenJDK (14.0.2+12, mixed mode, sharing, tiered, compressed oops, g1 gc, windows-amd64)
# Problematic frame:
# V  [jvm.dll+0x222cb3]
#
# No core dump will be written. Minidumps are not enabled by default on client versions of Windows
#
# If you would like to submit a bug report, please visit:
#   https://github.com/AdoptOpenJDK/openjdk-support/issues
#

---------------  S U M M A R Y ------------

Command Line: -Dfile.encoding=windows-1250 -Duser.country=CZ -Duser.language=cs -Duser.variant educanet.Main

Host: Intel(R) Core(TM) i7-4600U CPU @ 2.10GHz, 4 cores, 7G,  Windows 10 , 64 bit Build 19041 (10.0.19041.928)
Time: Fri Jun  4 09:47:23 2021 Støední Evropa (letní èas) elapsed time: 2 seconds (0d 0h 0m 2s)

---------------  T H R E A D  ---------------

Current thread (0x00000213d61f7800):  JavaThread "C1 CompilerThread0" daemon [_thread_in_vm, id=8256, stack(0x000000a751000000,0x000000a751100000)]


Current CompileTask:
C1:   2455  799 %     3       educanet.Main::main @ 118 (298 bytes)

Stack: [0x000000a751000000,0x000000a751100000],  sp=0x000000a7510fe470,  free space=1017k
Native frames: (J=compiled Java code, j=interpreted, Vv=VM code, C=native code)
V  [jvm.dll+0x222cb3]
V  [jvm.dll+0x222aa0]
V  [jvm.dll+0x325aa6]
V  [jvm.dll+0x5d782b]
V  [jvm.dll+0x196e01]
V  [jvm.dll+0x119a1d]
V  [jvm.dll+0x118bc4]
V  [jvm.dll+0x11ab17]
V  [jvm.dll+0x1f5f55]
V  [jvm.dll+0x1f413b]
V  [jvm.dll+0x75c3ad]
V  [jvm.dll+0x7551ba]
V  [jvm.dll+0x5fc4d6]
C  [ucrtbase.dll+0x21bb2]
C  [KERNEL32.DLL+0x17034]
C  [ntdll.dll+0x52651]


siginfo: EXCEPTION_ACCESS_VIOLATION (0xc0000005), reading address 0xffffffffffffffff


Register to memory mapping:

RIP=0x00007ffd4a6c2cb3 jvm.dll
RAX=0x0000000800b9ef18 is pointing into metadata
RBX=0x00000213d88481c0 points into unknown readable memory: ab aa 55 00 00 00 80 3f
RCX=0x3f8000003f800000 is an unknown value
RDX=0x00000213c0185790 is at entry_point+-2032 in (nmethod*)0x00000213c0185790
RSP=0x000000a7510fe470 is pointing into the stack for thread: 0x00000213d61f7800
RBP=0x0 is NULL
RSI=0x00000213c0185790 is at entry_point+-2032 in (nmethod*)0x00000213c0185790
RDI=0x000000a7510fe4f0 is pointing into the stack for thread: 0x00000213d61f7800
R8 =0x0000000800b9eda8 is a pointer to class: 
org.lwjgl.system.MemoryManage$StdlibAllocator {0x0000000800b9edb0}
R9 =0x0000000000000038 is an unknown value
R10=0x000002145cb49690 points into unknown readable memory: 19 15 00 00 f6 38 00 00
R11=0x000000a7510fe4e0 is pointing into the stack for thread: 0x00000213d61f7800
R12=0x0000000000000008 is an unknown value
R13=0x0000000000000003 is an unknown value
R14=0x000000a7510fe4f0 is pointing into the stack for thread: 0x00000213d61f7800
R15=0x00000213b57f9c90 points into unknown readable memory: c0 2b d1 4a fd 7f 00 00


Registers:
RAX=0x0000000800b9ef18, RBX=0x00000213d88481c0, RCX=0x3f8000003f800000, RDX=0x00000213c0185790
RSP=0x000000a7510fe470, RBP=0x0000000000000000, RSI=0x00000213c0185790, RDI=0x000000a7510fe4f0
R8 =0x0000000800b9eda8, R9 =0x0000000000000038, R10=0x000002145cb49690, R11=0x000000a7510fe4e0
R12=0x0000000000000008, R13=0x0000000000000003, R14=0x000000a7510fe4f0, R15=0x00000213b57f9c90
RIP=0x00007ffd4a6c2cb3, EFLAGS=0x0000000000010206

Top of Stack: (sp=0x000000a7510fe470)
0x000000a7510fe470:   00000213d61fe870 00007ffd4aa7496d
0x000000a7510fe480:   00000213c0185790 000000a7510fea40
0x000000a7510fe490:   00000213c0185790 00007ffd4a6c2aa0
0x000000a7510fe4a0:   00000213b57f53a0 00007ffd4aa76fd8
0x000000a7510fe4b0:   000000a7510fea40 000000000000000f
0x000000a7510fe4c0:   0000000000006378 00007ffd4a7c5aa6
0x000000a7510fe4d0:   00000213b57f53a0 0000000000000000
0x000000a7510fe4e0:   00000213c0185790 0000000000006378
0x000000a7510fe4f0:   0000000800b9ef10 0000000800b9ef18
0x000000a7510fe500:   00000213c0185790 00007ffd4aa7782b
0x000000a7510fe510:   0000000000000000 0000000000000000
0x000000a7510fe520:   0000000000000008 0000000000006378
0x000000a7510fe530:   000002130000031f 0000000000000076
0x000000a7510fe540:   000000a7510fea20 00007ffd000001c8
0x000000a7510fe550:   00000213d61fe8d0 00000213d8b09ec0
0x000000a7510fe560:   000000a7510fea40 000002130000003c 

Instructions: (pc=0x00007ffd4a6c2cb3)
0x00007ffd4a6c2bb3:   24 08 57 48 83 ec 20 48 8b d9 48 8b 0d a4 d5 86
0x00007ffd4a6c2bc3:   00 48 8b 43 08 48 8b 38 48 3b f9 0f 83 81 00 00
0x00007ffd4a6c2bd3:   00 48 8b 05 6d 2f 82 00 4c 8b c7 48 8b 53 08 ff
0x00007ffd4a6c2be3:   d0 48 3b c7 75 6c 48 8b cb e8 9f 00 00 00 48 8b
0x00007ffd4a6c2bf3:   d8 48 85 c0 74 5c 0f 1f 80 00 00 00 00 48 8d 7b
0x00007ffd4a6c2c03:   10 48 8b 5b 10 48 85 db 74 48 0f 1f 00 48 8b 0b
0x00007ffd4a6c2c13:   48 8b 01 ff 90 20 02 00 00 84 c0 74 30 48 8b 4b
0x00007ffd4a6c2c23:   10 48 8b 07 48 3b c3 75 1c 48 8b 05 15 2f 82 00
0x00007ffd4a6c2c33:   4c 8b c3 48 8b d7 ff d0 48 3b c3 75 08 48 8b cb
0x00007ffd4a6c2c43:   e8 88 03 00 00 48 8b 1f 48 85 db 75 c0 48 85 db
0x00007ffd4a6c2c53:   75 ab 48 8b 5c 24 30 48 83 c4 20 5f c3 48 c7 05
0x00007ffd4a6c2c63:   fd d4 86 00 00 00 00 00 c3 cc cc cc cc 48 8b 05
0x00007ffd4a6c2c73:   e9 d4 86 00 48 ff c0 48 89 05 df d4 86 00 48 89
0x00007ffd4a6c2c83:   05 e0 d4 86 00 c3 cc cc cc cc cc cc cc 48 89 5c
0x00007ffd4a6c2c93:   24 08 57 48 83 ec 20 48 8b 19 48 8b f9 48 8b 1b
0x00007ffd4a6c2ca3:   48 85 db 74 4e 0f 1f 84 00 00 00 00 00 48 8b 0b
0x00007ffd4a6c2cb3:   48 8b 01 ff 90 20 02 00 00 84 c0 74 36 48 8b 4b
0x00007ffd4a6c2cc3:   10 48 8b 07 48 8b 10 48 3b d3 75 1c 48 8b 05 72
0x00007ffd4a6c2cd3:   2e 82 00 4c 8b c3 48 8b 17 ff d0 48 3b c3 75 08
0x00007ffd4a6c2ce3:   48 8b cb e8 e5 02 00 00 48 8b 1f 48 8b 1b 48 85
0x00007ffd4a6c2cf3:   db 75 ba 48 8b c3 48 8b 5c 24 30 48 83 c4 20 5f
0x00007ffd4a6c2d03:   c3 cc cc cc cc cc cc cc cc cc cc cc cc 48 83 ec
0x00007ffd4a6c2d13:   38 80 3d 95 9d 80 00 00 0f 84 db 00 00 00 48 8d
0x00007ffd4a6c2d23:   54 24 40 48 c7 44 24 40 00 00 00 00 48 8d 4c 24
0x00007ffd4a6c2d33:   48 e8 97 5f 06 00 48 8b 44 24 40 48 8d 15 db 37
0x00007ffd4a6c2d43:   67 00 45 33 c9 48 89 44 24 20 45 8d 41 04 41 8d
0x00007ffd4a6c2d53:   49 08 e8 f6 c0 3f 00 48 89 05 d7 d3 86 00 48 8b
0x00007ffd4a6c2d63:   44 24 40 48 83 78 08 00 0f 85 81 00 00 00 45 33
0x00007ffd4a6c2d73:   c9 48 89 44 24 20 48 8d 15 b8 37 67 00 45 8d 41
0x00007ffd4a6c2d83:   04 41 8d 49 08 e8 c3 c0 3f 00 48 89 05 ac d3 86
0x00007ffd4a6c2d93:   00 48 8b 44 24 40 48 83 78 08 00 75 52 45 33 c9
0x00007ffd4a6c2da3:   48 89 44 24 20 48 8d 15 a9 37 67 00 45 8d 41 04 


Stack slot to memory mapping:
stack at sp + 0 slots: 0x00000213d61fe870 points into unknown readable memory: 00 ca c8 4a fd 7f 00 00
stack at sp + 1 slots: 0x00007ffd4aa7496d jvm.dll
stack at sp + 2 slots: 0x00000213c0185790 is at entry_point+-2032 in (nmethod*)0x00000213c0185790
stack at sp + 3 slots: 0x000000a7510fea40 is pointing into the stack for thread: 0x00000213d61f7800
stack at sp + 4 slots: 0x00000213c0185790 is at entry_point+-2032 in (nmethod*)0x00000213c0185790
stack at sp + 5 slots: 0x00007ffd4a6c2aa0 jvm.dll
stack at sp + 6 slots: 0x00000213b57f53a0 points into unknown readable memory: 00 78 1f d6 13 02 00 00
stack at sp + 7 slots: 0x00007ffd4aa76fd8 jvm.dll


---------------  P R O C E S S  ---------------

Threads class SMR info:
_java_thread_list=0x000002145cbce7d0, length=12, elements={
0x00000213b57fb800, 0x00000213d61bd800, 0x00000213d61be800, 0x00000213d61d9800,
0x00000213d61dc800, 0x00000213d61df800, 0x00000213d61ec800, 0x00000213d61f7800,
0x00000213d620b800, 0x00000213d6c5d800, 0x00000213d6c74000, 0x00000213d61fb000
}

Java Threads: ( => current thread )
  0x00000213b57fb800 JavaThread "main" [_thread_in_vm, id=852, stack(0x000000a750300000,0x000000a750400000)]
  0x00000213d61bd800 JavaThread "Reference Handler" daemon [_thread_in_vm, id=756, stack(0x000000a750a00000,0x000000a750b00000)]
  0x00000213d61be800 JavaThread "Finalizer" daemon [_thread_blocked, id=16192, stack(0x000000a750b00000,0x000000a750c00000)]
  0x00000213d61d9800 JavaThread "Signal Dispatcher" daemon [_thread_blocked, id=8200, stack(0x000000a750c00000,0x000000a750d00000)]
  0x00000213d61dc800 JavaThread "Attach Listener" daemon [_thread_blocked, id=6956, stack(0x000000a750d00000,0x000000a750e00000)]
  0x00000213d61df800 JavaThread "Service Thread" daemon [_thread_blocked, id=9364, stack(0x000000a750e00000,0x000000a750f00000)]
  0x00000213d61ec800 JavaThread "C2 CompilerThread0" daemon [_thread_blocked, id=9340, stack(0x000000a750f00000,0x000000a751000000)]
=>0x00000213d61f7800 JavaThread "C1 CompilerThread0" daemon [_thread_in_vm, id=8256, stack(0x000000a751000000,0x000000a751100000)]
  0x00000213d620b800 JavaThread "Sweeper thread" daemon [_thread_blocked, id=1740, stack(0x000000a751100000,0x000000a751200000)]
  0x00000213d6c5d800 JavaThread "Notification Thread" daemon [_thread_blocked, id=16012, stack(0x000000a751200000,0x000000a751300000)]
  0x00000213d6c74000 JavaThread "Common-Cleaner" daemon [_thread_blocked, id=11100, stack(0x000000a751400000,0x000000a751500000)]
  0x00000213d61fb000 JavaThread "C2 CompilerThread1" daemon [_thread_blocked, id=1508, stack(0x000000a751b00000,0x000000a751c00000)]

Other Threads:
  0x00000213d61bb000 VMThread "VM Thread" [stack: 0x000000a750900000,0x000000a750a00000] [id=5060]
  0x00000213d6c73000 WatcherThread [stack: 0x000000a751300000,0x000000a751400000] [id=12076]
  0x00000213b5840800 GCTaskThread "GC Thread#0" [stack: 0x000000a750400000,0x000000a750500000] [id=12968]
  0x000002145cbc9800 GCTaskThread "GC Thread#1" [stack: 0x000000a751c00000,0x000000a751d00000] [id=13068]
  0x000002145cbca800 GCTaskThread "GC Thread#2" [stack: 0x000000a751d00000,0x000000a751e00000] [id=1680]
  0x00000213b5852800 ConcurrentGCThread "G1 Main Marker" [stack: 0x000000a750500000,0x000000a750600000] [id=5992]
  0x00000213b5854800 ConcurrentGCThread "G1 Conc#0" [stack: 0x000000a750600000,0x000000a750700000] [id=16740]
  0x00000213b58d1000 ConcurrentGCThread "G1 Refine#0" [stack: 0x000000a750700000,0x000000a750800000] [id=17664]
  0x00000213d6040800 ConcurrentGCThread "G1 Young RemSet Sampling" [stack: 0x000000a750800000,0x000000a750900000] [id=17880]

Threads with active compile tasks:
C1 CompilerThread0     2543  799 %     3       educanet.Main::main @ 118 (298 bytes)

VM state:not at safepoint (normal execution)

VM Mutex/Monitor currently owned by a thread:  ([mutex/lock_event])
[0x00000213b57f53a0] CodeCache_lock - owner thread: 0x00000213d61f7800
[0x00000213b57f67a0] Compile_lock - owner thread: 0x00000213d61f7800
[0x00000213b57f6b90] MethodCompileQueue_lock - owner thread: 0x00000213d61f7800

Heap address: 0x0000000081e00000, size: 2018 MB, Compressed Oops mode: 32-bit
Narrow klass base: 0x0000000800000000, Narrow klass shift: 3
Compressed class space size: 1073741824 Address: 0x0000000800b30000

Heap:
 garbage-first heap   total 131072K, used 21294K [0x0000000081e00000, 0x0000000100000000)
  region size 1024K, 18 young (18432K), 3 survivors (3072K)
 Metaspace       used 4908K, capacity 7943K, committed 8320K, reserved 1056768K
  class space    used 260K, capacity 569K, committed 640K, reserved 1048576K
Heap Regions: E=young(eden), S=young(survivor), O=old, HS=humongous(starts), HC=humongous(continues), CS=collection set, F=free, OA=open archive, CA=closed archive, TAMS=top-at-mark-start (previous, next)
|   0|0x0000000081e00000, 0x0000000081f00000, 0x0000000081f00000|100%| O|  |TAMS 0x0000000081e00000, 0x0000000081e00000| Untracked 
|   1|0x0000000081f00000, 0x0000000082000000, 0x0000000082000000|100%| O|  |TAMS 0x0000000081f00000, 0x0000000081f00000| Untracked 
|   2|0x0000000082000000, 0x0000000082100000, 0x0000000082100000|100%| O|  |TAMS 0x0000000082000000, 0x0000000082000000| Untracked 
|   3|0x0000000082100000, 0x00000000821cba00, 0x0000000082200000| 79%| O|  |TAMS 0x0000000082100000, 0x0000000082100000| Untracked 
|   4|0x0000000082200000, 0x0000000082200000, 0x0000000082300000|  0%| F|  |TAMS 0x0000000082200000, 0x0000000082200000| Untracked 
|   5|0x0000000082300000, 0x0000000082300000, 0x0000000082400000|  0%| F|  |TAMS 0x0000000082300000, 0x0000000082300000| Untracked 
|   6|0x0000000082400000, 0x0000000082400000, 0x0000000082500000|  0%| F|  |TAMS 0x0000000082400000, 0x0000000082400000| Untracked 
|   7|0x0000000082500000, 0x0000000082500000, 0x0000000082600000|  0%| F|  |TAMS 0x0000000082500000, 0x0000000082500000| Untracked 
|   8|0x0000000082600000, 0x0000000082600000, 0x0000000082700000|  0%| F|  |TAMS 0x0000000082600000, 0x0000000082600000| Untracked 
|   9|0x0000000082700000, 0x0000000082700000, 0x0000000082800000|  0%| F|  |TAMS 0x0000000082700000, 0x0000000082700000| Untracked 
|  10|0x0000000082800000, 0x0000000082800000, 0x0000000082900000|  0%| F|  |TAMS 0x0000000082800000, 0x0000000082800000| Untracked 
|  11|0x0000000082900000, 0x0000000082900000, 0x0000000082a00000|  0%| F|  |TAMS 0x0000000082900000, 0x0000000082900000| Untracked 
|  12|0x0000000082a00000, 0x0000000082a00000, 0x0000000082b00000|  0%| F|  |TAMS 0x0000000082a00000, 0x0000000082a00000| Untracked 
|  13|0x0000000082b00000, 0x0000000082b00000, 0x0000000082c00000|  0%| F|  |TAMS 0x0000000082b00000, 0x0000000082b00000| Untracked 
|  14|0x0000000082c00000, 0x0000000082c00000, 0x0000000082d00000|  0%| F|  |TAMS 0x0000000082c00000, 0x0000000082c00000| Untracked 
|  15|0x0000000082d00000, 0x0000000082d00000, 0x0000000082e00000|  0%| F|  |TAMS 0x0000000082d00000, 0x0000000082d00000| Untracked 
|  16|0x0000000082e00000, 0x0000000082e00000, 0x0000000082f00000|  0%| F|  |TAMS 0x0000000082e00000, 0x0000000082e00000| Untracked 
|  17|0x0000000082f00000, 0x0000000082f00000, 0x0000000083000000|  0%| F|  |TAMS 0x0000000082f00000, 0x0000000082f00000| Untracked 
|  18|0x0000000083000000, 0x0000000083000000, 0x0000000083100000|  0%| F|  |TAMS 0x0000000083000000, 0x0000000083000000| Untracked 
|  19|0x0000000083100000, 0x0000000083100000, 0x0000000083200000|  0%| F|  |TAMS 0x0000000083100000, 0x0000000083100000| Untracked 
|  20|0x0000000083200000, 0x0000000083200000, 0x0000000083300000|  0%| F|  |TAMS 0x0000000083200000, 0x0000000083200000| Untracked 
|  21|0x0000000083300000, 0x0000000083300000, 0x0000000083400000|  0%| F|  |TAMS 0x0000000083300000, 0x0000000083300000| Untracked 
|  22|0x0000000083400000, 0x0000000083400000, 0x0000000083500000|  0%| F|  |TAMS 0x0000000083400000, 0x0000000083400000| Untracked 
|  23|0x0000000083500000, 0x0000000083500000, 0x0000000083600000|  0%| F|  |TAMS 0x0000000083500000, 0x0000000083500000| Untracked 
|  24|0x0000000083600000, 0x0000000083600000, 0x0000000083700000|  0%| F|  |TAMS 0x0000000083600000, 0x0000000083600000| Untracked 
|  25|0x0000000083700000, 0x0000000083700000, 0x0000000083800000|  0%| F|  |TAMS 0x0000000083700000, 0x0000000083700000| Untracked 
|  26|0x0000000083800000, 0x0000000083800000, 0x0000000083900000|  0%| F|  |TAMS 0x0000000083800000, 0x0000000083800000| Untracked 
|  27|0x0000000083900000, 0x0000000083900000, 0x0000000083a00000|  0%| F|  |TAMS 0x0000000083900000, 0x0000000083900000| Untracked 
|  28|0x0000000083a00000, 0x0000000083a00000, 0x0000000083b00000|  0%| F|  |TAMS 0x0000000083a00000, 0x0000000083a00000| Untracked 
|  29|0x0000000083b00000, 0x0000000083b00000, 0x0000000083c00000|  0%| F|  |TAMS 0x0000000083b00000, 0x0000000083b00000| Untracked 
|  30|0x0000000083c00000, 0x0000000083c00000, 0x0000000083d00000|  0%| F|  |TAMS 0x0000000083c00000, 0x0000000083c00000| Untracked 
|  31|0x0000000083d00000, 0x0000000083d00000, 0x0000000083e00000|  0%| F|  |TAMS 0x0000000083d00000, 0x0000000083d00000| Untracked 
|  32|0x0000000083e00000, 0x0000000083e00000, 0x0000000083f00000|  0%| F|  |TAMS 0x0000000083e00000, 0x0000000083e00000| Untracked 
|  33|0x0000000083f00000, 0x0000000083f00000, 0x0000000084000000|  0%| F|  |TAMS 0x0000000083f00000, 0x0000000083f00000| Untracked 
|  34|0x0000000084000000, 0x0000000084000000, 0x0000000084100000|  0%| F|  |TAMS 0x0000000084000000, 0x0000000084000000| Untracked 
|  35|0x0000000084100000, 0x0000000084100000, 0x0000000084200000|  0%| F|  |TAMS 0x0000000084100000, 0x0000000084100000| Untracked 
|  36|0x0000000084200000, 0x0000000084200000, 0x0000000084300000|  0%| F|  |TAMS 0x0000000084200000, 0x0000000084200000| Untracked 
|  37|0x0000000084300000, 0x0000000084300000, 0x0000000084400000|  0%| F|  |TAMS 0x0000000084300000, 0x0000000084300000| Untracked 
|  38|0x0000000084400000, 0x0000000084400000, 0x0000000084500000|  0%| F|  |TAMS 0x0000000084400000, 0x0000000084400000| Untracked 
|  39|0x0000000084500000, 0x0000000084500000, 0x0000000084600000|  0%| F|  |TAMS 0x0000000084500000, 0x0000000084500000| Untracked 
|  40|0x0000000084600000, 0x0000000084600000, 0x0000000084700000|  0%| F|  |TAMS 0x0000000084600000, 0x0000000084600000| Untracked 
|  41|0x0000000084700000, 0x0000000084700000, 0x0000000084800000|  0%| F|  |TAMS 0x0000000084700000, 0x0000000084700000| Untracked 
|  42|0x0000000084800000, 0x0000000084800000, 0x0000000084900000|  0%| F|  |TAMS 0x0000000084800000, 0x0000000084800000| Untracked 
|  43|0x0000000084900000, 0x0000000084900000, 0x0000000084a00000|  0%| F|  |TAMS 0x0000000084900000, 0x0000000084900000| Untracked 
|  44|0x0000000084a00000, 0x0000000084a00000, 0x0000000084b00000|  0%| F|  |TAMS 0x0000000084a00000, 0x0000000084a00000| Untracked 
|  45|0x0000000084b00000, 0x0000000084b00000, 0x0000000084c00000|  0%| F|  |TAMS 0x0000000084b00000, 0x0000000084b00000| Untracked 
|  46|0x0000000084c00000, 0x0000000084c00000, 0x0000000084d00000|  0%| F|  |TAMS 0x0000000084c00000, 0x0000000084c00000| Untracked 
|  47|0x0000000084d00000, 0x0000000084d00000, 0x0000000084e00000|  0%| F|  |TAMS 0x0000000084d00000, 0x0000000084d00000| Untracked 
|  48|0x0000000084e00000, 0x0000000084e00000, 0x0000000084f00000|  0%| F|  |TAMS 0x0000000084e00000, 0x0000000084e00000| Untracked 
|  49|0x0000000084f00000, 0x0000000084f00000, 0x0000000085000000|  0%| F|  |TAMS 0x0000000084f00000, 0x0000000084f00000| Untracked 
|  50|0x0000000085000000, 0x0000000085000000, 0x0000000085100000|  0%| F|  |TAMS 0x0000000085000000, 0x0000000085000000| Untracked 
|  51|0x0000000085100000, 0x0000000085100000, 0x0000000085200000|  0%| F|  |TAMS 0x0000000085100000, 0x0000000085100000| Untracked 
|  52|0x0000000085200000, 0x0000000085200000, 0x0000000085300000|  0%| F|  |TAMS 0x0000000085200000, 0x0000000085200000| Untracked 
|  53|0x0000000085300000, 0x0000000085300000, 0x0000000085400000|  0%| F|  |TAMS 0x0000000085300000, 0x0000000085300000| Untracked 
|  54|0x0000000085400000, 0x0000000085400000, 0x0000000085500000|  0%| F|  |TAMS 0x0000000085400000, 0x0000000085400000| Untracked 
|  55|0x0000000085500000, 0x0000000085500000, 0x0000000085600000|  0%| F|  |TAMS 0x0000000085500000, 0x0000000085500000| Untracked 
|  56|0x0000000085600000, 0x0000000085600000, 0x0000000085700000|  0%| F|  |TAMS 0x0000000085600000, 0x0000000085600000| Untracked 
|  57|0x0000000085700000, 0x0000000085700000, 0x0000000085800000|  0%| F|  |TAMS 0x0000000085700000, 0x0000000085700000| Untracked 
|  58|0x0000000085800000, 0x0000000085800000, 0x0000000085900000|  0%| F|  |TAMS 0x0000000085800000, 0x0000000085800000| Untracked 
|  59|0x0000000085900000, 0x0000000085900000, 0x0000000085a00000|  0%| F|  |TAMS 0x0000000085900000, 0x0000000085900000| Untracked 
|  60|0x0000000085a00000, 0x0000000085a00000, 0x0000000085b00000|  0%| F|  |TAMS 0x0000000085a00000, 0x0000000085a00000| Untracked 
|  61|0x0000000085b00000, 0x0000000085b00000, 0x0000000085c00000|  0%| F|  |TAMS 0x0000000085b00000, 0x0000000085b00000| Untracked 
|  62|0x0000000085c00000, 0x0000000085c00000, 0x0000000085d00000|  0%| F|  |TAMS 0x0000000085c00000, 0x0000000085c00000| Untracked 
|  63|0x0000000085d00000, 0x0000000085d00000, 0x0000000085e00000|  0%| F|  |TAMS 0x0000000085d00000, 0x0000000085d00000| Untracked 
|  64|0x0000000085e00000, 0x0000000085e00000, 0x0000000085f00000|  0%| F|  |TAMS 0x0000000085e00000, 0x0000000085e00000| Untracked 
|  65|0x0000000085f00000, 0x0000000085f00000, 0x0000000086000000|  0%| F|  |TAMS 0x0000000085f00000, 0x0000000085f00000| Untracked 
|  66|0x0000000086000000, 0x0000000086000000, 0x0000000086100000|  0%| F|  |TAMS 0x0000000086000000, 0x0000000086000000| Untracked 
|  67|0x0000000086100000, 0x0000000086100000, 0x0000000086200000|  0%| F|  |TAMS 0x0000000086100000, 0x0000000086100000| Untracked 
|  68|0x0000000086200000, 0x0000000086200000, 0x0000000086300000|  0%| F|  |TAMS 0x0000000086200000, 0x0000000086200000| Untracked 
|  69|0x0000000086300000, 0x0000000086300000, 0x0000000086400000|  0%| F|  |TAMS 0x0000000086300000, 0x0000000086300000| Untracked 
|  70|0x0000000086400000, 0x0000000086400000, 0x0000000086500000|  0%| F|  |TAMS 0x0000000086400000, 0x0000000086400000| Untracked 
|  71|0x0000000086500000, 0x0000000086500000, 0x0000000086600000|  0%| F|  |TAMS 0x0000000086500000, 0x0000000086500000| Untracked 
|  72|0x0000000086600000, 0x0000000086600000, 0x0000000086700000|  0%| F|  |TAMS 0x0000000086600000, 0x0000000086600000| Untracked 
|  73|0x0000000086700000, 0x0000000086700000, 0x0000000086800000|  0%| F|  |TAMS 0x0000000086700000, 0x0000000086700000| Untracked 
|  74|0x0000000086800000, 0x0000000086800000, 0x0000000086900000|  0%| F|  |TAMS 0x0000000086800000, 0x0000000086800000| Untracked 
|  75|0x0000000086900000, 0x0000000086900000, 0x0000000086a00000|  0%| F|  |TAMS 0x0000000086900000, 0x0000000086900000| Untracked 
|  76|0x0000000086a00000, 0x0000000086a00000, 0x0000000086b00000|  0%| F|  |TAMS 0x0000000086a00000, 0x0000000086a00000| Untracked 
|  77|0x0000000086b00000, 0x0000000086b00000, 0x0000000086c00000|  0%| F|  |TAMS 0x0000000086b00000, 0x0000000086b00000| Untracked 
|  78|0x0000000086c00000, 0x0000000086c00000, 0x0000000086d00000|  0%| F|  |TAMS 0x0000000086c00000, 0x0000000086c00000| Untracked 
|  79|0x0000000086d00000, 0x0000000086d00000, 0x0000000086e00000|  0%| F|  |TAMS 0x0000000086d00000, 0x0000000086d00000| Untracked 
|  80|0x0000000086e00000, 0x0000000086e00000, 0x0000000086f00000|  0%| F|  |TAMS 0x0000000086e00000, 0x0000000086e00000| Untracked 
|  81|0x0000000086f00000, 0x0000000086f00000, 0x0000000087000000|  0%| F|  |TAMS 0x0000000086f00000, 0x0000000086f00000| Untracked 
|  82|0x0000000087000000, 0x0000000087000000, 0x0000000087100000|  0%| F|  |TAMS 0x0000000087000000, 0x0000000087000000| Untracked 
|  83|0x0000000087100000, 0x0000000087100000, 0x0000000087200000|  0%| F|  |TAMS 0x0000000087100000, 0x0000000087100000| Untracked 
|  84|0x0000000087200000, 0x0000000087200000, 0x0000000087300000|  0%| F|  |TAMS 0x0000000087200000, 0x0000000087200000| Untracked 
|  85|0x0000000087300000, 0x0000000087300000, 0x0000000087400000|  0%| F|  |TAMS 0x0000000087300000, 0x0000000087300000| Untracked 
|  86|0x0000000087400000, 0x0000000087400000, 0x0000000087500000|  0%| F|  |TAMS 0x0000000087400000, 0x0000000087400000| Untracked 
|  87|0x0000000087500000, 0x0000000087500000, 0x0000000087600000|  0%| F|  |TAMS 0x0000000087500000, 0x0000000087500000| Untracked 
|  88|0x0000000087600000, 0x0000000087600000, 0x0000000087700000|  0%| F|  |TAMS 0x0000000087600000, 0x0000000087600000| Untracked 
|  89|0x0000000087700000, 0x0000000087700000, 0x0000000087800000|  0%| F|  |TAMS 0x0000000087700000, 0x0000000087700000| Untracked 
|  90|0x0000000087800000, 0x0000000087800000, 0x0000000087900000|  0%| F|  |TAMS 0x0000000087800000, 0x0000000087800000| Untracked 
|  91|0x0000000087900000, 0x0000000087900000, 0x0000000087a00000|  0%| F|  |TAMS 0x0000000087900000, 0x0000000087900000| Untracked 
|  92|0x0000000087a00000, 0x0000000087a00000, 0x0000000087b00000|  0%| F|  |TAMS 0x0000000087a00000, 0x0000000087a00000| Untracked 
|  93|0x0000000087b00000, 0x0000000087b00000, 0x0000000087c00000|  0%| F|  |TAMS 0x0000000087b00000, 0x0000000087b00000| Untracked 
|  94|0x0000000087c00000, 0x0000000087c00000, 0x0000000087d00000|  0%| F|  |TAMS 0x0000000087c00000, 0x0000000087c00000| Untracked 
|  95|0x0000000087d00000, 0x0000000087d00000, 0x0000000087e00000|  0%| F|  |TAMS 0x0000000087d00000, 0x0000000087d00000| Untracked 
|  96|0x0000000087e00000, 0x0000000087e00000, 0x0000000087f00000|  0%| F|  |TAMS 0x0000000087e00000, 0x0000000087e00000| Untracked 
|  97|0x0000000087f00000, 0x0000000087f00000, 0x0000000088000000|  0%| F|  |TAMS 0x0000000087f00000, 0x0000000087f00000| Untracked 
|  98|0x0000000088000000, 0x0000000088000000, 0x0000000088100000|  0%| F|  |TAMS 0x0000000088000000, 0x0000000088000000| Untracked 
|  99|0x0000000088100000, 0x0000000088100000, 0x0000000088200000|  0%| F|  |TAMS 0x0000000088100000, 0x0000000088100000| Untracked 
| 100|0x0000000088200000, 0x0000000088200000, 0x0000000088300000|  0%| F|  |TAMS 0x0000000088200000, 0x0000000088200000| Untracked 
| 101|0x0000000088300000, 0x0000000088300000, 0x0000000088400000|  0%| F|  |TAMS 0x0000000088300000, 0x0000000088300000| Untracked 
| 102|0x0000000088400000, 0x0000000088400000, 0x0000000088500000|  0%| F|  |TAMS 0x0000000088400000, 0x0000000088400000| Untracked 
| 103|0x0000000088500000, 0x0000000088500000, 0x0000000088600000|  0%| F|  |TAMS 0x0000000088500000, 0x0000000088500000| Untracked 
| 104|0x0000000088600000, 0x0000000088600000, 0x0000000088700000|  0%| F|  |TAMS 0x0000000088600000, 0x0000000088600000| Untracked 
| 105|0x0000000088700000, 0x0000000088700000, 0x0000000088800000|  0%| F|  |TAMS 0x0000000088700000, 0x0000000088700000| Untracked 
| 106|0x0000000088800000, 0x0000000088800000, 0x0000000088900000|  0%| F|  |TAMS 0x0000000088800000, 0x0000000088800000| Untracked 
| 107|0x0000000088900000, 0x0000000088a00000, 0x0000000088a00000|100%| S|CS|TAMS 0x0000000088900000, 0x0000000088900000| Complete 
| 108|0x0000000088a00000, 0x0000000088b00000, 0x0000000088b00000|100%| S|CS|TAMS 0x0000000088a00000, 0x0000000088a00000| Complete 
| 109|0x0000000088b00000, 0x0000000088c00000, 0x0000000088c00000|100%| S|CS|TAMS 0x0000000088b00000, 0x0000000088b00000| Complete 
| 110|0x0000000088c00000, 0x0000000088c00000, 0x0000000088d00000|  0%| F|  |TAMS 0x0000000088c00000, 0x0000000088c00000| Untracked 
| 111|0x0000000088d00000, 0x0000000088d00000, 0x0000000088e00000|  0%| F|  |TAMS 0x0000000088d00000, 0x0000000088d00000| Untracked 
| 112|0x0000000088e00000, 0x0000000088e80800, 0x0000000088f00000| 50%| E|  |TAMS 0x0000000088e00000, 0x0000000088e00000| Complete 
| 113|0x0000000088f00000, 0x0000000089000000, 0x0000000089000000|100%| E|CS|TAMS 0x0000000088f00000, 0x0000000088f00000| Complete 
| 114|0x0000000089000000, 0x0000000089100000, 0x0000000089100000|100%| E|CS|TAMS 0x0000000089000000, 0x0000000089000000| Complete 
| 115|0x0000000089100000, 0x0000000089200000, 0x0000000089200000|100%| E|CS|TAMS 0x0000000089100000, 0x0000000089100000| Complete 
| 116|0x0000000089200000, 0x0000000089300000, 0x0000000089300000|100%| E|CS|TAMS 0x0000000089200000, 0x0000000089200000| Complete 
| 117|0x0000000089300000, 0x0000000089400000, 0x0000000089400000|100%| E|CS|TAMS 0x0000000089300000, 0x0000000089300000| Complete 
| 118|0x0000000089400000, 0x0000000089500000, 0x0000000089500000|100%| E|CS|TAMS 0x0000000089400000, 0x0000000089400000| Complete 
| 119|0x0000000089500000, 0x0000000089600000, 0x0000000089600000|100%| E|CS|TAMS 0x0000000089500000, 0x0000000089500000| Complete 
| 120|0x0000000089600000, 0x0000000089700000, 0x0000000089700000|100%| E|CS|TAMS 0x0000000089600000, 0x0000000089600000| Complete 
| 121|0x0000000089700000, 0x0000000089800000, 0x0000000089800000|100%| E|CS|TAMS 0x0000000089700000, 0x0000000089700000| Complete 
| 122|0x0000000089800000, 0x0000000089900000, 0x0000000089900000|100%| E|CS|TAMS 0x0000000089800000, 0x0000000089800000| Complete 
| 123|0x0000000089900000, 0x0000000089a00000, 0x0000000089a00000|100%| E|CS|TAMS 0x0000000089900000, 0x0000000089900000| Complete 
| 124|0x0000000089a00000, 0x0000000089b00000, 0x0000000089b00000|100%| E|CS|TAMS 0x0000000089a00000, 0x0000000089a00000| Complete 
| 125|0x0000000089b00000, 0x0000000089c00000, 0x0000000089c00000|100%| E|CS|TAMS 0x0000000089b00000, 0x0000000089b00000| Complete 
| 126|0x0000000089c00000, 0x0000000089d00000, 0x0000000089d00000|100%| E|CS|TAMS 0x0000000089c00000, 0x0000000089c00000| Complete 
| 127|0x0000000089d00000, 0x0000000089e00000, 0x0000000089e00000|100%| E|CS|TAMS 0x0000000089d00000, 0x0000000089d00000| Complete 

Card table byte_map: [0x00000213cf4c0000,0x00000213cf8c0000] _byte_map_base: 0x00000213cf0b1000

Marking Bits (Prev, Next): (CMBitMap*) 0x00000213b5842168, (CMBitMap*) 0x00000213b58421a8
 Prev Bits: [0x00000213cfcc0000, 0x00000213d1c48000)
 Next Bits: [0x00000213d1c50000, 0x00000213d3bd8000)

Polling page: 0x00000213b55f0000

Metaspace:

Usage:
  Non-class:      7.20 MB capacity,     4.54 MB ( 63%) used,     2.65 MB ( 37%) free+waste,     8.06 KB ( <1%) overhead. 
      Class:    569.00 KB capacity,   260.94 KB ( 46%) used,   304.50 KB ( 54%) free+waste,     3.56 KB ( <1%) overhead. 
       Both:      7.76 MB capacity,     4.79 MB ( 62%) used,     2.95 MB ( 38%) free+waste,    11.63 KB ( <1%) overhead. 

Virtual space:
  Non-class space:        8.00 MB reserved,       7.50 MB ( 94%) committed 
      Class space:        1.00 GB reserved,     640.00 KB ( <1%) committed 
             Both:        1.01 GB reserved,       8.13 MB ( <1%) committed 

Chunk freelists:
   Non-Class:  114.00 KB
       Class:  7.00 KB
        Both:  121.00 KB

MaxMetaspaceSize: 17179869184.00 GB
CompressedClassSpaceSize: 1.00 GB

CodeHeap 'non-profiled nmethods': size=120000Kb used=276Kb max_used=276Kb free=119723Kb
 bounds [0x00000213c7570000, 0x00000213c77e0000, 0x00000213ceaa0000]
CodeHeap 'profiled nmethods': size=120000Kb used=1326Kb max_used=1326Kb free=118673Kb
 bounds [0x00000213c0040000, 0x00000213c02b0000, 0x00000213c7570000]
CodeHeap 'non-nmethods': size=5760Kb used=1563Kb max_used=1593Kb free=4196Kb
 bounds [0x00000213bfaa0000, 0x00000213bfd10000, 0x00000213c0040000]
 total_blobs=1739 nmethods=799 adapters=853
 compilation: enabled
              stopped_count=0, restarted_count=0
 full_count=0

Compilation events (20 events):
Event: 2.367 Thread 0x00000213d61fb000  788       4       org.lwjgl.opengl.GL15::glBindBuffer (6 bytes)
Event: 2.367 Thread 0x00000213d61fb000 nmethod 788 0x00000213c75b2710 code [0x00000213c75b28a0, 0x00000213c75b2908]
Event: 2.367 Thread 0x00000213d61fb000  791   !   4       java.nio.DirectFloatBufferU::put (192 bytes)
Event: 2.371 Thread 0x00000213d61fb000 nmethod 791 0x00000213c75b2a10 code [0x00000213c75b2c40, 0x00000213c75b3118]
Event: 2.371 Thread 0x00000213d61fb000  792       4       java.nio.FloatBuffer::flip (7 bytes)
Event: 2.371 Thread 0x00000213d61ec800 nmethod 789 0x00000213c75b3590 code [0x00000213c75b3780, 0x00000213c75b3ce8]
Event: 2.372 Thread 0x00000213d61ec800  777   !   4       java.nio.Bits::reserveMemory (229 bytes)
Event: 2.372 Thread 0x00000213d61fb000 nmethod 792 0x00000213c75b4090 code [0x00000213c75b4200, 0x00000213c75b4298]
Event: 2.372 Thread 0x00000213d61fb000  779       4       java.nio.DirectByteBuffer$Deallocator::<init> (41 bytes)
Event: 2.372 Thread 0x00000213d61fb000 nmethod 779 0x00000213c75b4390 code [0x00000213c75b4500, 0x00000213c75b4578]
Event: 2.372 Thread 0x00000213d61fb000  780       4       java.nio.Bits::tryReserveMemory (51 bytes)
Event: 2.373 Thread 0x00000213d61fb000 nmethod 780 0x00000213c75b4690 code [0x00000213c75b4820, 0x00000213c75b4958]
Event: 2.373 Thread 0x00000213d61fb000  796       4       jdk.internal.util.Preconditions::checkFromIndexSize (25 bytes)
Event: 2.373 Thread 0x00000213d61ec800 nmethod 777 0x00000213c75b4a10 code [0x00000213c75b4bc0, 0x00000213c75b4d38]
Event: 2.374 Thread 0x00000213d61fb000 nmethod 796 0x00000213c75b4e90 code [0x00000213c75b5020, 0x00000213c75b50f8]
Event: 2.406 Thread 0x00000213d61f7800  797 %     3       educanet.Main::main @ 203 (298 bytes)
Event: 2.409 Thread 0x00000213d61f7800 nmethod 797% 0x00000213c0179090 code [0x00000213c0179880, 0x00000213c017ddb8]
Event: 2.411 Thread 0x00000213d61f7800  798       3       educanet.Main::main (298 bytes)
Event: 2.415 Thread 0x00000213d61f7800 nmethod 798 0x00000213c017f510 code [0x00000213c017fd00, 0x00000213c0184138]
Event: 2.422 Thread 0x00000213d61f7800  799 %     3       educanet.Main::main @ 118 (298 bytes)

GC Heap History (4 events):
Event: 0.612 GC heap before
{Heap before GC invocations=0 (full 0):
 garbage-first heap   total 131072K, used 12288K [0x0000000081e00000, 0x0000000100000000)
  region size 1024K, 13 young (13312K), 0 survivors (0K)
 Metaspace       used 4279K, capacity 7446K, committed 7808K, reserved 1056768K
  class space    used 231K, capacity 531K, committed 640K, reserved 1048576K
}
Event: 0.617 GC heap after
{Heap after GC invocations=1 (full 0):
 garbage-first heap   total 131072K, used 1812K [0x0000000081e00000, 0x0000000100000000)
  region size 1024K, 2 young (2048K), 2 survivors (2048K)
 Metaspace       used 4279K, capacity 7446K, committed 7808K, reserved 1056768K
  class space    used 231K, capacity 531K, committed 640K, reserved 1048576K
}
Event: 2.423 GC heap before
{Heap before GC invocations=1 (full 0):
 garbage-first heap   total 131072K, used 18196K [0x0000000081e00000, 0x0000000100000000)
  region size 1024K, 18 young (18432K), 2 survivors (2048K)
 Metaspace       used 4908K, capacity 7943K, committed 8320K, reserved 1056768K
  class space    used 260K, capacity 569K, committed 640K, reserved 1048576K
}
Event: 2.442 GC heap after
{Heap after GC invocations=2 (full 0):
 garbage-first heap   total 131072K, used 6958K [0x0000000081e00000, 0x0000000100000000)
  region size 1024K, 3 young (3072K), 3 survivors (3072K)
 Metaspace       used 4908K, capacity 7943K, committed 8320K, reserved 1056768K
  class space    used 260K, capacity 569K, committed 640K, reserved 1048576K
}

Deoptimization events (20 events):
Event: 0.237 Thread 0x00000213b57fb800 DEOPT PACKING pc=0x00000213c7574f88 sp=0x000000a7503fd5e0
Event: 0.237 Thread 0x00000213b57fb800 DEOPT UNPACKING pc=0x00000213bfae912f sp=0x000000a7503fd570 mode 2
Event: 0.571 Thread 0x00000213b57fb800 DEOPT PACKING pc=0x00000213c007f2df sp=0x000000a7503fdc70
Event: 0.571 Thread 0x00000213b57fb800 DEOPT UNPACKING pc=0x00000213bfae964e sp=0x000000a7503fd0c0 mode 0
Event: 0.626 Thread 0x00000213b57fb800 Uncommon trap: trap_request=0xffffff54 fr.pc=0x00000213c7596310 relative=0x0000000000000070
Event: 0.626 Thread 0x00000213b57fb800 Uncommon trap: reason=speculate_null_assert action=make_not_entrant pc=0x00000213c7596310 method=sun.misc.Unsafe.putLong(Ljava/lang/Object;JJ)V @ 7 c2
Event: 0.626 Thread 0x00000213b57fb800 DEOPT PACKING pc=0x00000213c7596310 sp=0x000000a7503ff1c0
Event: 0.626 Thread 0x00000213b57fb800 DEOPT UNPACKING pc=0x00000213bfae912f sp=0x000000a7503ff138 mode 2
Event: 0.650 Thread 0x00000213b57fb800 Uncommon trap: trap_request=0xffffff45 fr.pc=0x00000213c7575940 relative=0x0000000000000080
Event: 0.650 Thread 0x00000213b57fb800 Uncommon trap: reason=unstable_if action=reinterpret pc=0x00000213c7575940 method=java.lang.String.isLatin1()Z @ 10 c2
Event: 0.650 Thread 0x00000213b57fb800 DEOPT PACKING pc=0x00000213c7575940 sp=0x000000a7503fe380
Event: 0.650 Thread 0x00000213b57fb800 DEOPT UNPACKING pc=0x00000213bfae912f sp=0x000000a7503fe2c0 mode 2
Event: 0.662 Thread 0x00000213b57fb800 Uncommon trap: trap_request=0xffffff45 fr.pc=0x00000213c75987f4 relative=0x0000000000001134
Event: 0.662 Thread 0x00000213b57fb800 Uncommon trap: reason=unstable_if action=reinterpret pc=0x00000213c75987f4 method=java.util.LinkedHashMap.linkNodeLast(Ljava/util/LinkedHashMap$Entry;)V @ 11 c2
Event: 0.662 Thread 0x00000213b57fb800 DEOPT PACKING pc=0x00000213c75987f4 sp=0x000000a7503fdc90
Event: 0.662 Thread 0x00000213b57fb800 DEOPT UNPACKING pc=0x00000213bfae912f sp=0x000000a7503fdb40 mode 2
Event: 2.414 Thread 0x00000213b57fb800 DEOPT PACKING pc=0x00000213c017d6e7 sp=0x000000a7503ff4a0
Event: 2.414 Thread 0x00000213b57fb800 DEOPT UNPACKING pc=0x00000213bfae964e sp=0x000000a7503fead0 mode 0
Event: 2.420 Thread 0x00000213b57fb800 DEOPT PACKING pc=0x00000213c017d6e7 sp=0x000000a7503ff4a0
Event: 2.420 Thread 0x00000213b57fb800 DEOPT UNPACKING pc=0x00000213bfae964e sp=0x000000a7503fead0 mode 0

Classes unloaded (0 events):
No events

Classes redefined (0 events):
No events

Internal exceptions (13 events):
Event: 0.176 Thread 0x00000213b57fb800 Exception <a 'java/lang/NoSuchMethodError'{0x0000000089be7f58}: 'void java.lang.invoke.DelegatingMethodHandle$Holder.delegate(java.lang.Object, java.lang.Object, int, java.lang.Object)'> (0x0000000089be7f58) 
thrown [./src/hotspot/share/interpreter/linkResolver.cpp, line 766]
Event: 0.177 Thread 0x00000213b57fb800 Exception <a 'java/lang/NoSuchMethodError'{0x0000000089bee9b0}: 'java.lang.Object java.lang.invoke.DirectMethodHandle$Holder.invokeStaticInit(java.lang.Object, java.lang.Object, java.lang.Object)'> (0x0000000089bee9b0) 
thrown [./src/hotspot/share/interpreter/linkResolver.cpp, line 766]
Event: 0.222 Thread 0x00000213b57fb800 Exception <a 'sun/nio/fs/WindowsException'{0x0000000089ac1640}> (0x0000000089ac1640) 
thrown [./src/hotspot/share/prims/jni.cpp, line 599]
Event: 0.223 Thread 0x00000213b57fb800 Exception <a 'sun/nio/fs/WindowsException'{0x0000000089ac1b98}> (0x0000000089ac1b98) 
thrown [./src/hotspot/share/prims/jni.cpp, line 599]
Event: 0.250 Thread 0x00000213b57fb800 Exception <a 'sun/nio/fs/WindowsException'{0x0000000089947d10}> (0x0000000089947d10) 
thrown [./src/hotspot/share/prims/jni.cpp, line 599]
Event: 0.251 Thread 0x00000213b57fb800 Exception <a 'sun/nio/fs/WindowsException'{0x0000000089948080}> (0x0000000089948080) 
thrown [./src/hotspot/share/prims/jni.cpp, line 599]
Event: 0.441 Thread 0x00000213b57fb800 Exception <a 'sun/nio/fs/WindowsException'{0x00000000898b5120}> (0x00000000898b5120) 
thrown [./src/hotspot/share/prims/jni.cpp, line 599]
Event: 0.441 Thread 0x00000213b57fb800 Exception <a 'sun/nio/fs/WindowsException'{0x00000000898b54d0}> (0x00000000898b54d0) 
thrown [./src/hotspot/share/prims/jni.cpp, line 599]
Event: 0.447 Thread 0x00000213b57fb800 Exception <a 'sun/nio/fs/WindowsException'{0x00000000898d4168}> (0x00000000898d4168) 
thrown [./src/hotspot/share/prims/jni.cpp, line 599]
Event: 0.447 Thread 0x00000213b57fb800 Exception <a 'sun/nio/fs/WindowsException'{0x00000000898d4450}> (0x00000000898d4450) 
thrown [./src/hotspot/share/prims/jni.cpp, line 599]
Event: 0.642 Thread 0x00000213b57fb800 Exception <a 'java/lang/NoSuchMethodError'{0x0000000089c28948}: 'void java.lang.invoke.DirectMethodHandle$Holder.invokeStatic(java.lang.Object, long, int, int)'> (0x0000000089c28948) 
thrown [./src/hotspot/share/interpreter/linkResolver.cpp, line 766]
Event: 0.672 Thread 0x00000213b57fb800 Exception <a 'sun/nio/fs/WindowsException'{0x0000000089bb0ff0}> (0x0000000089bb0ff0) 
thrown [./src/hotspot/share/prims/jni.cpp, line 599]
Event: 0.672 Thread 0x00000213b57fb800 Exception <a 'sun/nio/fs/WindowsException'{0x0000000089bb1378}> (0x0000000089bb1378) 
thrown [./src/hotspot/share/prims/jni.cpp, line 599]

Events (20 events):
Event: 0.773 Loaded shared library C:\Users\kosac\AppData\Local\Temp\lwjglkosac\3.2.3-build-13\lwjgl.dll
Event: 1.079 Loaded shared library C:\Users\kosac\AppData\Local\Temp\lwjglkosac\3.2.3-build-13\lwjgl_opengl.dll
Event: 1.084 Loaded shared library C:\Users\kosac\AppData\Local\Temp\lwjglkosac\3.2.3-build-13\lwjgl_opengl.dll
Event: 1.086 Loaded shared library C:\Users\kosac\AppData\Local\Temp\lwjglkosac\3.2.3-build-13\lwjgl.dll
Event: 1.089 Loaded shared library C:\Users\kosac\AppData\Local\Temp\lwjglkosac\3.2.3-build-13\lwjgl.dll
Event: 1.094 Loaded shared library C:\Users\kosac\AppData\Local\Temp\lwjglkosac\3.2.3-build-13\lwjgl_opengl.dll
Event: 1.099 Loaded shared library C:\Users\kosac\AppData\Local\Temp\lwjglkosac\3.2.3-build-13\lwjgl_opengl.dll
Event: 1.290 Loaded shared library C:\Users\kosac\AppData\Local\Temp\lwjglkosac\3.2.3-build-13\lwjgl_opengl.dll
Event: 1.296 Loaded shared library C:\Users\kosac\AppData\Local\Temp\lwjglkosac\3.2.3-build-13\lwjgl_opengl.dll
Event: 1.301 Loaded shared library C:\Users\kosac\AppData\Local\Temp\lwjglkosac\3.2.3-build-13\lwjgl.dll
Event: 2.293 Loaded shared library C:\Users\kosac\AppData\Local\Temp\lwjglkosac\3.2.3-build-13\lwjgl.dll
Event: 2.302 Loaded shared library C:\Users\kosac\AppData\Local\Temp\lwjglkosac\3.2.3-build-13\lwjgl_opengl.dll
Event: 2.308 Loaded shared library C:\Users\kosac\AppData\Local\Temp\lwjglkosac\3.2.3-build-13\lwjgl_opengl.dll
Event: 2.316 Loaded shared library C:\Users\kosac\AppData\Local\Temp\lwjglkosac\3.2.3-build-13\lwjgl_opengl.dll
Event: 2.322 Loaded shared library C:\Users\kosac\AppData\Local\Temp\lwjglkosac\3.2.3-build-13\lwjgl_opengl.dll
Event: 2.325 loading class jdk/internal/access/foreign/MemorySegmentProxy
Event: 2.325 loading class jdk/internal/access/foreign/MemorySegmentProxy done
Event: 2.353 Thread 0x00000213d61fb000 Thread added: 0x00000213d61fb000
Event: 2.423 Executing VM operation: G1CollectForAllocation
Event: 2.442 Executing VM operation: G1CollectForAllocation done


Dynamic libraries:
0x00007ff7c3370000 - 0x00007ff7c337d000 	C:\Users\kosac\.jdks\adopt-openjdk-14.0.2\bin\java.exe
0x00007ffdd7410000 - 0x00007ffdd7605000 	C:\Windows\SYSTEM32\ntdll.dll
0x00007ffdd5bc0000 - 0x00007ffdd5c7d000 	C:\Windows\System32\KERNEL32.DLL
0x00007ffdd4b50000 - 0x00007ffdd4e18000 	C:\Windows\System32\KERNELBASE.dll
0x00007ffdd5240000 - 0x00007ffdd5340000 	C:\Windows\System32\ucrtbase.dll
0x00007ffdb9870000 - 0x00007ffdb9888000 	C:\Users\kosac\.jdks\adopt-openjdk-14.0.2\bin\jli.dll
0x00007ffdd6500000 - 0x00007ffdd66a0000 	C:\Windows\System32\USER32.dll
0x00007ffdd4f20000 - 0x00007ffdd4f42000 	C:\Windows\System32\win32u.dll
0x00007ffdd5e40000 - 0x00007ffdd5e6a000 	C:\Windows\System32\GDI32.dll
0x00007ffdb9c90000 - 0x00007ffdb9ca5000 	C:\Users\kosac\.jdks\adopt-openjdk-14.0.2\bin\VCRUNTIME140.dll
0x00007ffdd5130000 - 0x00007ffdd523b000 	C:\Windows\System32\gdi32full.dll
0x00007ffdd4e20000 - 0x00007ffdd4ebd000 	C:\Windows\System32\msvcp_win.dll
0x00007ffdc5560000 - 0x00007ffdc57fa000 	C:\Windows\WinSxS\amd64_microsoft.windows.common-controls_6595b64144ccf1df_6.0.19041.844_none_ca00b6081b84eb1d\COMCTL32.dll
0x00007ffdd70d0000 - 0x00007ffdd716e000 	C:\Windows\System32\msvcrt.dll
0x00007ffdd5f90000 - 0x00007ffdd5fc0000 	C:\Windows\System32\IMM32.DLL
0x00007ffda3ac0000 - 0x00007ffda3b5b000 	C:\Users\kosac\.jdks\adopt-openjdk-14.0.2\bin\msvcp140.dll
0x00007ffd4a4a0000 - 0x00007ffd4b034000 	C:\Users\kosac\.jdks\adopt-openjdk-14.0.2\bin\server\jvm.dll
0x00007ffdd5ee0000 - 0x00007ffdd5f8c000 	C:\Windows\System32\ADVAPI32.dll
0x00007ffdd63d0000 - 0x00007ffdd646b000 	C:\Windows\System32\sechost.dll
0x00007ffdd6a00000 - 0x00007ffdd6b2b000 	C:\Windows\System32\RPCRT4.dll
0x00007ffdd73c0000 - 0x00007ffdd73c8000 	C:\Windows\System32\PSAPI.DLL
0x00007ffdc5b70000 - 0x00007ffdc5b97000 	C:\Windows\SYSTEM32\WINMM.dll
0x00007ffdbc9e0000 - 0x00007ffdbc9e9000 	C:\Windows\SYSTEM32\WSOCK32.dll
0x00007ffdd5e70000 - 0x00007ffdd5edb000 	C:\Windows\System32\WS2_32.dll
0x00007ffdcd3b0000 - 0x00007ffdcd3ba000 	C:\Windows\SYSTEM32\VERSION.dll
0x00007ffdd3420000 - 0x00007ffdd3432000 	C:\Windows\SYSTEM32\kernel.appcore.dll
0x00007ffdd0480000 - 0x00007ffdd048a000 	C:\Users\kosac\.jdks\adopt-openjdk-14.0.2\bin\jimage.dll
0x00007ffdd2110000 - 0x00007ffdd22f4000 	C:\Windows\SYSTEM32\DBGHELP.DLL
0x00007ffdbdef0000 - 0x00007ffdbdf1c000 	C:\Windows\SYSTEM32\dbgcore.DLL
0x00007ffdd53f0000 - 0x00007ffdd5470000 	C:\Windows\System32\bcryptPrimitives.dll
0x00007ffdb6e90000 - 0x00007ffdb6eb5000 	C:\Users\kosac\.jdks\adopt-openjdk-14.0.2\bin\java.dll
0x00007ffdb9f40000 - 0x00007ffdb9f56000 	C:\Users\kosac\.jdks\adopt-openjdk-14.0.2\bin\zip.dll
0x00007ffdd5470000 - 0x00007ffdd5bb2000 	C:\Windows\System32\SHELL32.dll
0x00007ffdd2a90000 - 0x00007ffdd3220000 	C:\Windows\SYSTEM32\windows.storage.dll
0x00007ffdd66a0000 - 0x00007ffdd69f5000 	C:\Windows\System32\combase.dll
0x00007ffdd45c0000 - 0x00007ffdd45ec000 	C:\Windows\SYSTEM32\Wldp.dll
0x00007ffdd5c80000 - 0x00007ffdd5d2e000 	C:\Windows\System32\SHCORE.dll
0x00007ffdd6470000 - 0x00007ffdd64c5000 	C:\Windows\System32\shlwapi.dll
0x00007ffdd4a90000 - 0x00007ffdd4aaf000 	C:\Windows\SYSTEM32\profapi.dll
0x00007ffdb6e70000 - 0x00007ffdb6e89000 	C:\Users\kosac\.jdks\adopt-openjdk-14.0.2\bin\net.dll
0x00007ffdc51c0000 - 0x00007ffdc52cb000 	C:\Windows\SYSTEM32\WINHTTP.dll
0x00007ffdd4330000 - 0x00007ffdd439a000 	C:\Windows\system32\mswsock.dll
0x00007ffdb6e50000 - 0x00007ffdb6e62000 	C:\Users\kosac\.jdks\adopt-openjdk-14.0.2\bin\nio.dll
0x00007ffdb4d60000 - 0x00007ffdb4dc4000 	C:\Users\kosac\AppData\Local\Temp\lwjglkosac\3.2.3-build-13\lwjgl.dll
0x00007ffda3c80000 - 0x00007ffda3ce2000 	C:\Users\kosac\AppData\Local\Temp\lwjglkosac\3.2.3-build-13\glfw.dll
0x00007ffdd1ec0000 - 0x00007ffdd1f5e000 	C:\Windows\system32\uxtheme.dll
0x00007ffdb6e00000 - 0x00007ffdb6e45000 	C:\Windows\SYSTEM32\dinput8.dll
0x00007ffdcf7b0000 - 0x00007ffdcf7c1000 	C:\Windows\SYSTEM32\xinput1_4.dll
0x00007ffdd50b0000 - 0x00007ffdd50fe000 	C:\Windows\System32\cfgmgr32.dll
0x00007ffdd4900000 - 0x00007ffdd492c000 	C:\Windows\SYSTEM32\DEVOBJ.dll
0x00007ffdd2650000 - 0x00007ffdd267f000 	C:\Windows\SYSTEM32\dwmapi.dll
0x00007ffdca920000 - 0x00007ffdcaa72000 	C:\Windows\SYSTEM32\inputhost.dll
0x00007ffdd71f0000 - 0x00007ffdd72bd000 	C:\Windows\System32\OLEAUT32.dll
0x00007ffdd32d0000 - 0x00007ffdd33c7000 	C:\Windows\SYSTEM32\PROPSYS.dll
0x00007ffdd1470000 - 0x00007ffdd17ce000 	C:\Windows\SYSTEM32\CoreUIComponents.dll
0x00007ffdd0490000 - 0x00007ffdd05e4000 	C:\Windows\SYSTEM32\wintypes.dll
0x00007ffdd3890000 - 0x00007ffdd38c3000 	C:\Windows\SYSTEM32\ntmarta.dll
0x00007ffdd1b50000 - 0x00007ffdd1c42000 	C:\Windows\SYSTEM32\CoreMessaging.dll
0x00007ffdd5fc0000 - 0x00007ffdd60d5000 	C:\Windows\System32\MSCTF.dll
0x00007ffdd3220000 - 0x00007ffdd322d000 	C:\Windows\SYSTEM32\HID.DLL
0x00007ffdd6b30000 - 0x00007ffdd6f99000 	C:\Windows\System32\SETUPAPI.DLL
0x00007ffdd5100000 - 0x00007ffdd5127000 	C:\Windows\System32\bcrypt.dll
0x00007ffdd4ec0000 - 0x00007ffdd4f20000 	C:\Windows\System32\WINTRUST.dll
0x00007ffdd4f50000 - 0x00007ffdd50af000 	C:\Windows\System32\CRYPT32.dll
0x00007ffdd4740000 - 0x00007ffdd4752000 	C:\Windows\SYSTEM32\MSASN1.dll
0x00007ffdb5490000 - 0x00007ffdb55b6000 	C:\Windows\SYSTEM32\opengl32.dll
0x00007ffd96250000 - 0x00007ffd9627c000 	C:\Windows\SYSTEM32\GLU32.dll
0x00007ffdd5d30000 - 0x00007ffdd5dd9000 	C:\Windows\System32\clbcatq.dll
0x00007ffd61a30000 - 0x00007ffd62577000 	C:\Windows\SYSTEM32\ig75icd64.dll
0x00007ffdc7b40000 - 0x00007ffdc857f000 	C:\Windows\SYSTEM32\igdusc64.dll
0x00007ffdcfd00000 - 0x00007ffdcfd14000 	C:\Windows\SYSTEM32\WTSAPI32.dll
0x00007ffdcacd0000 - 0x00007ffdcad0b000 	C:\Windows\SYSTEM32\dxcore.dll
0x00007ffdd4140000 - 0x00007ffdd418b000 	C:\Windows\SYSTEM32\powrprof.dll
0x00007ffdd3fb0000 - 0x00007ffdd3fc2000 	C:\Windows\SYSTEM32\UMPDC.dll
0x00007ffdd3490000 - 0x00007ffdd3584000 	C:\Windows\SYSTEM32\dxgi.dll
0x00007ffdd1010000 - 0x00007ffdd1274000 	C:\Windows\SYSTEM32\d3d11.dll
0x00007ffdc99c0000 - 0x00007ffdca91d000 	C:\Windows\SYSTEM32\igd10iumd64.dll
0x00007ffdd4630000 - 0x00007ffdd4657000 	C:\Windows\SYSTEM32\ncrypt.dll
0x00007ffdd45f0000 - 0x00007ffdd462b000 	C:\Windows\SYSTEM32\NTASN1.dll
0x00007ffdcaa80000 - 0x00007ffdcab79000 	C:\Windows\SYSTEM32\textinputframework.dll
0x00007ffda7000000 - 0x00007ffda7059000 	C:\Users\kosac\AppData\Local\Temp\lwjglkosac\3.2.3-build-13\lwjgl_opengl.dll
0x00007ffda3a40000 - 0x00007ffda3ab7000 	C:\Users\kosac\AppData\Local\Temp\lwjglkosac\3.2.3-build-13\lwjgl_stb.dll
0x00007ffdd6fa0000 - 0x00007ffdd70ca000 	C:\Windows\System32\ole32.dll

dbghelp: loaded successfully - version: 4.0.5 - missing functions: none
symbol engine: initialized successfully - sym options: 0x614 - pdb path: .;C:\Users\kosac\.jdks\adopt-openjdk-14.0.2\bin;C:\Windows\SYSTEM32;C:\Windows\WinSxS\amd64_microsoft.windows.common-controls_6595b64144ccf1df_6.0.19041.844_none_ca00b6081b84eb1d;C:\Users\kosac\.jdks\adopt-openjdk-14.0.2\bin\server;C:\Users\kosac\AppData\Local\Temp\lwjglkosac\3.2.3-build-13

VM Arguments:
jvm_args: -Dfile.encoding=windows-1250 -Duser.country=CZ -Duser.language=cs -Duser.variant 
java_command: educanet.Main
java_class_path (initial): C:\Users\kosac\IdeaProjects\OpenGL-Examples\Textures\build\classes\java\main;C:\Users\kosac\IdeaProjects\OpenGL-Examples\Textures\build\resources\main;C:\Users\kosac\.gradle\caches\modules-2\files-2.1\org.lwjgl\lwjgl-assimp\3.2.3\f62aa07a20afbdd3097efc296c4841e0d29700eb\lwjgl-assimp-3.2.3.jar;C:\Users\kosac\.gradle\caches\modules-2\files-2.1\org.lwjgl\lwjgl-assimp\3.2.3\4e60aeb75f0343c4a9ede4ef8b6b32ca702a00a3\lwjgl-assimp-3.2.3-natives-windows.jar;C:\Users\kosac\.gradle\caches\modules-2\files-2.1\org.lwjgl\lwjgl-glfw\3.2.3\5e520d5c290c8b012545a8d34fa5db5ab051ea53\lwjgl-glfw-3.2.3.jar;C:\Users\kosac\.gradle\caches\modules-2\files-2.1\org.lwjgl\lwjgl-glfw\3.2.3\b4d8a3477cdc2edcf7a5f1e822926be846223f54\lwjgl-glfw-3.2.3-natives-windows.jar;C:\Users\kosac\.gradle\caches\modules-2\files-2.1\org.lwjgl\lwjgl-openal\3.2.3\106742e805803ab9eab8e343f0fb31a3d263903c\lwjgl-openal-3.2.3.jar;C:\Users\kosac\.gradle\caches\modules-2\files-2.1\org.lwjgl\lwjgl-openal\3.2.3\ec898e8ce11b5886f4f532a1536283ef2817758d\lwjgl-openal-3.2.3-natives-windows.jar;C:\Users\kosac\.gradle\caches\modules-2\files-2.1\org.lwjgl\lwjgl-opengl\3.2.3\bdd534a323d0c8f54969b95e424b6ac8984f7d6e\lwjgl-opengl-3.2.3.jar;C:\Users\kosac\.gradle\caches\modules-2\files-2.1\org.lwjgl\lwjgl-opengl\3.2.3\e81cfc73ec8708e5e791ed770e4ec3edfc1bbab1\lwjgl-opengl-3.2.3-natives-windows.jar;C:\Users\kosac\.gradle\caches\modules-2\files-2.1\org.lwjgl\lwjgl-stb\3.2.3\40eccaa4fa86fc815f2e17946a392fb5fdcc286a\lwjgl-stb-3.2.3.jar;C:\Users\kosac\.gradle\caches\modules-2\files-2.1\org.lwjgl\lwjgl-stb\3.2.3\817b21ec286f0ba3dcedb56a3bd275e6a9345be9\lwjgl-stb-3.2.3-natives-windows.jar;C:\Users\kosac\.gradle\caches\modules-2\files-2.1\org.lwjgl\lwjgl\3.2.3\17a59ba0fe8d474ec9dbe0d5db40d2cfe59c4c08\lwjgl-3.2.3.jar;C:\Users\kosac\.gradle\caches\modules-2\files-2.1\org.lwjgl\lwjgl\3.2.3\27f32cd35349684745951e04388e8e00d681cdcd\lwjgl-3.2.3-natives-windows.jar;C:\Users\kosac\.gradle\caches\modules-2\files-2.1\org.jo
Launcher Type: SUN_STANDARD

[Global flags]
     intx CICompilerCount                          = 3                                         {product} {ergonomic}
     uint ConcGCThreads                            = 1                                         {product} {ergonomic}
     uint G1ConcRefinementThreads                  = 4                                         {product} {ergonomic}
   size_t G1HeapRegionSize                         = 1048576                                   {product} {ergonomic}
    uintx GCDrainStackTargetSize                   = 64                                        {product} {ergonomic}
   size_t InitialHeapSize                          = 134217728                                 {product} {ergonomic}
   size_t MarkStackSize                            = 4194304                                   {product} {ergonomic}
   size_t MaxHeapSize                              = 2116026368                                {product} {ergonomic}
   size_t MaxNewSize                               = 1268776960                                {product} {ergonomic}
   size_t MinHeapDeltaBytes                        = 1048576                                   {product} {ergonomic}
   size_t MinHeapSize                              = 8388608                                   {product} {ergonomic}
    uintx NonNMethodCodeHeapSize                   = 5832780                                {pd product} {ergonomic}
    uintx NonProfiledCodeHeapSize                  = 122912730                              {pd product} {ergonomic}
    uintx ProfiledCodeHeapSize                     = 122912730                              {pd product} {ergonomic}
    uintx ReservedCodeCacheSize                    = 251658240                              {pd product} {ergonomic}
     bool SegmentedCodeCache                       = true                                      {product} {ergonomic}
   size_t SoftMaxHeapSize                          = 2116026368                             {manageable} {ergonomic}
     bool UseCompressedClassPointers               = true                                 {lp64_product} {ergonomic}
     bool UseCompressedOops                        = true                                 {lp64_product} {ergonomic}
     bool UseG1GC                                  = true                                      {product} {ergonomic}
     bool UseLargePagesIndividualAllocation        = false                                  {pd product} {ergonomic}

Logging:
Log output configuration:
 #0: stdout all=warning uptime,level,tags
 #1: stderr all=off uptime,level,tags

Environment Variables:
PATH=C:\Program Files (x86)\Common Files\Oracle\Java\javapath;C:\Windows\system32;C:\Windows;C:\Windows\System32\Wbem;C:\Windows\System32\WindowsPowerShell\v1.0\;C:\Windows\System32\OpenSSH\;C:\Program Files\Intel\WiFi\bin\;C:\Program Files\Common Files\Intel\WirelessCommon\;C:\Program Files (x86)\Brackets\command;C:\Program Files\nodejs\;C:\Program Files\Git\cmd;C:\Users\kosac\AppData\Local\Programs\Python\Python39\Scripts\;C:\Users\kosac\AppData\Local\Programs\Python\Python39\;C:\Users\kosac\AppData\Local\Microsoft\WindowsApps;C:\Users\kosac\AppData\Local\GitHubDesktop\bin;C:\Users\kosac\AppData\Roaming\npm
USERNAME=kosac
OS=Windows_NT
PROCESSOR_IDENTIFIER=Intel64 Family 6 Model 69 Stepping 1, GenuineIntel



---------------  S Y S T E M  ---------------

OS: Windows 10 , 64 bit Build 19041 (10.0.19041.928)
OS uptime: 2 days 21:05 hours

CPU:total 4 (initial active 4) (2 cores per cpu, 2 threads per core) family 6 model 69 stepping 1, cmov, cx8, fxsr, mmx, sse, sse2, sse3, ssse3, sse4.1, sse4.2, popcnt, avx, avx2, aes, clmul, erms, lzcnt, ht, tsc, tscinvbit, bmi1, bmi2, fma

Memory: 4k page, system-wide physical 8071M (2449M free)
TotalPageFile size 11784M (AvailPageFile size 2771M)
current process WorkingSet (physical memory assigned to process): 105M, peak: 105M
current process commit charge ("private bytes"): 250M, peak: 250M

vm_info: OpenJDK 64-Bit Server VM (14.0.2+12) for windows-amd64 JRE (14.0.2+12), built on Jul 15 2020 11:30:16 by "" with MS VC++ 15.9 (VS2017)

END.
